{"C:\\Users\\alisson.galvao\\Documents\\ALISSON (PESSOAL)\\Cursos e Treinamentos\\Node\\node_test_services\\src\\app.ts": {"path":"C:\\Users\\alisson.galvao\\Documents\\ALISSON (PESSOAL)\\Cursos e Treinamentos\\Node\\node_test_services\\src\\app.ts","statementMap":{"0":{"start":{"line":1,"column":0},"end":{"line":1,"column":74}},"1":{"start":{"line":2,"column":0},"end":{"line":2,"column":24}},"2":{"start":{"line":3,"column":0},"end":{"line":3,"column":28}},"3":{"start":{"line":4,"column":0},"end":{"line":4,"column":24}},"4":{"start":{"line":5,"column":0},"end":{"line":5,"column":37}},"5":{"start":{"line":7,"column":0},"end":{"line":7,"column":16}},"6":{"start":{"line":9,"column":15},"end":{"line":9,"column":24}},"7":{"start":{"line":11,"column":0},"end":{"line":11,"column":19}},"8":{"start":{"line":13,"column":0},"end":{"line":13,"column":62}},"9":{"start":{"line":14,"column":0},"end":{"line":14,"column":51}},"10":{"start":{"line":16,"column":0},"end":{"line":16,"column":79}},"11":{"start":{"line":16,"column":53},"end":{"line":16,"column":77}},"12":{"start":{"line":18,"column":0},"end":{"line":18,"column":22}},"13":{"start":{"line":20,"column":0},"end":{"line":23,"column":3}},"14":{"start":{"line":21,"column":4},"end":{"line":21,"column":20}},"15":{"start":{"line":22,"column":4},"end":{"line":22,"column":52}},"16":{"start":{"line":25,"column":42},"end":{"line":29,"column":1}},"17":{"start":{"line":26,"column":4},"end":{"line":26,"column":20}},"18":{"start":{"line":27,"column":4},"end":{"line":27,"column":21}},"19":{"start":{"line":28,"column":4},"end":{"line":28,"column":47}},"20":{"start":{"line":30,"column":0},"end":{"line":30,"column":25}},"21":{"start":{"line":33,"column":0},"end":{"line":33,"column":22}}},"fnMap":{"0":{"name":"(anonymous_1)","decl":{"start":{"line":16,"column":20},"end":{"line":16,"column":21}},"loc":{"start":{"line":16,"column":53},"end":{"line":16,"column":77}}},"1":{"name":"(anonymous_2)","decl":{"start":{"line":20,"column":11},"end":{"line":20,"column":12}},"loc":{"start":{"line":20,"column":43},"end":{"line":23,"column":1}}},"2":{"name":"(anonymous_3)","decl":{"start":{"line":25,"column":42},"end":{"line":25,"column":43}},"loc":{"start":{"line":25,"column":66},"end":{"line":29,"column":1}}}},"branchMap":{},"s":{"0":1,"1":1,"2":1,"3":1,"4":1,"5":1,"6":1,"7":1,"8":1,"9":1,"10":1,"11":1,"12":1,"13":1,"14":0,"15":0,"16":1,"17":0,"18":0,"19":0,"20":1,"21":1},"f":{"0":1,"1":0,"2":0},"b":{}}
,"C:\\Users\\alisson.galvao\\Documents\\ALISSON (PESSOAL)\\Cursos e Treinamentos\\Node\\node_test_services\\src\\controllers\\apiController.ts": {"path":"C:\\Users\\alisson.galvao\\Documents\\ALISSON (PESSOAL)\\Cursos e Treinamentos\\Node\\node_test_services\\src\\controllers\\apiController.ts","statementMap":{"0":{"start":{"line":2,"column":0},"end":{"line":2,"column":55}},"1":{"start":{"line":4,"column":20},"end":{"line":6,"column":1}},"2":{"start":{"line":5,"column":4},"end":{"line":5,"column":27}},"3":{"start":{"line":4,"column":13},"end":{"line":4,"column":20}},"4":{"start":{"line":8,"column":24},"end":{"line":28,"column":null}},"5":{"start":{"line":8,"column":62},"end":{"line":28,"column":null}},"6":{"start":{"line":9,"column":4},"end":{"line":27,"column":null}},"7":{"start":{"line":10,"column":34},"end":{"line":10,"column":42}},"8":{"start":{"line":13,"column":24},"end":{"line":13,"column":69}},"9":{"start":{"line":14,"column":8},"end":{"line":14,"column":29}},"10":{"start":{"line":15,"column":8},"end":{"line":24,"column":null}},"11":{"start":{"line":16,"column":12},"end":{"line":16,"column":48}},"12":{"start":{"line":20,"column":12},"end":{"line":22,"column":38}},"13":{"start":{"line":26,"column":8},"end":{"line":26,"column":63}},"14":{"start":{"line":8,"column":13},"end":{"line":8,"column":24}},"15":{"start":{"line":30,"column":21},"end":{"line":47,"column":null}},"16":{"start":{"line":30,"column":59},"end":{"line":47,"column":null}},"17":{"start":{"line":31,"column":4},"end":{"line":46,"column":null}},"18":{"start":{"line":32,"column":28},"end":{"line":32,"column":42}},"19":{"start":{"line":33,"column":31},"end":{"line":33,"column":48}},"20":{"start":{"line":35,"column":21},"end":{"line":35,"column":57}},"21":{"start":{"line":37,"column":8},"end":{"line":43,"column":null}},"22":{"start":{"line":38,"column":12},"end":{"line":38,"column":37}},"23":{"start":{"line":39,"column":12},"end":{"line":39,"column":19}},"24":{"start":{"line":41,"column":12},"end":{"line":41,"column":40}},"25":{"start":{"line":42,"column":12},"end":{"line":42,"column":19}},"26":{"start":{"line":45,"column":8},"end":{"line":45,"column":36}},"27":{"start":{"line":30,"column":13},"end":{"line":30,"column":21}},"28":{"start":{"line":49,"column":20},"end":{"line":58,"column":null}},"29":{"start":{"line":49,"column":58},"end":{"line":58,"column":null}},"30":{"start":{"line":50,"column":16},"end":{"line":50,"column":39}},"31":{"start":{"line":51,"column":25},"end":{"line":51,"column":27}},"32":{"start":{"line":53,"column":4},"end":{"line":55,"column":null}},"33":{"start":{"line":54,"column":8},"end":{"line":54,"column":36}},"34":{"start":{"line":57,"column":4},"end":{"line":57,"column":23}},"35":{"start":{"line":49,"column":13},"end":{"line":49,"column":20}}},"fnMap":{"0":{"name":"(anonymous_13)","decl":{"start":{"line":4,"column":20},"end":{"line":4,"column":21}},"loc":{"start":{"line":4,"column":52},"end":{"line":6,"column":1}}},"1":{"name":"(anonymous_14)","decl":{"start":{"line":8,"column":24},"end":{"line":8,"column":31}},"loc":{"start":{"line":8,"column":62},"end":{"line":28,"column":null}}},"2":{"name":"(anonymous_15)","decl":{"start":{"line":8,"column":62},"end":{"line":8,"column":null}},"loc":{"start":{"line":8,"column":62},"end":{"line":28,"column":1}}},"3":{"name":"(anonymous_16)","decl":{"start":{"line":30,"column":21},"end":{"line":30,"column":28}},"loc":{"start":{"line":30,"column":59},"end":{"line":47,"column":null}}},"4":{"name":"(anonymous_17)","decl":{"start":{"line":30,"column":59},"end":{"line":30,"column":null}},"loc":{"start":{"line":30,"column":59},"end":{"line":47,"column":1}}},"5":{"name":"(anonymous_18)","decl":{"start":{"line":49,"column":20},"end":{"line":49,"column":27}},"loc":{"start":{"line":49,"column":58},"end":{"line":58,"column":null}}},"6":{"name":"(anonymous_19)","decl":{"start":{"line":49,"column":58},"end":{"line":49,"column":null}},"loc":{"start":{"line":49,"column":58},"end":{"line":58,"column":1}}}},"branchMap":{"0":{"loc":{"start":{"line":9,"column":4},"end":{"line":27,"column":null}},"type":"if","locations":[{"start":{"line":9,"column":4},"end":{"line":27,"column":null}},{"start":{"line":25,"column":9},"end":{"line":27,"column":null}}]},"1":{"loc":{"start":{"line":9,"column":7},"end":{"line":9,"column":42}},"type":"binary-expr","locations":[{"start":{"line":9,"column":7},"end":{"line":9,"column":21}},{"start":{"line":9,"column":25},"end":{"line":9,"column":42}}]},"2":{"loc":{"start":{"line":15,"column":8},"end":{"line":24,"column":null}},"type":"if","locations":[{"start":{"line":15,"column":8},"end":{"line":24,"column":null}},{"start":{"line":18,"column":15},"end":{"line":24,"column":null}}]},"3":{"loc":{"start":{"line":31,"column":4},"end":{"line":46,"column":null}},"type":"if","locations":[{"start":{"line":31,"column":4},"end":{"line":46,"column":null}},{"start":{"line":44,"column":9},"end":{"line":46,"column":null}}]},"4":{"loc":{"start":{"line":31,"column":7},"end":{"line":31,"column":42}},"type":"binary-expr","locations":[{"start":{"line":31,"column":7},"end":{"line":31,"column":21}},{"start":{"line":31,"column":25},"end":{"line":31,"column":42}}]},"5":{"loc":{"start":{"line":37,"column":8},"end":{"line":43,"column":null}},"type":"if","locations":[{"start":{"line":37,"column":8},"end":{"line":43,"column":null}},{"start":{"line":40,"column":13},"end":{"line":43,"column":null}}]},"6":{"loc":{"start":{"line":37,"column":11},"end":{"line":37,"column":69}},"type":"binary-expr","locations":[{"start":{"line":37,"column":11},"end":{"line":37,"column":15}},{"start":{"line":37,"column":19},"end":{"line":37,"column":69}}]}},"s":{"0":1,"1":1,"2":0,"3":1,"4":1,"5":2,"6":2,"7":2,"8":2,"9":2,"10":2,"11":1,"12":1,"13":0,"14":1,"15":1,"16":1,"17":1,"18":1,"19":1,"20":1,"21":1,"22":1,"23":1,"24":0,"25":0,"26":0,"27":1,"28":1,"29":1,"30":1,"31":1,"32":1,"33":1,"34":1,"35":1},"f":{"0":0,"1":2,"2":2,"3":1,"4":1,"5":1,"6":1},"b":{"0":[2,0],"1":[2,2],"2":[1,1],"3":[1,0],"4":[1,1],"5":[1,0],"6":[1,1]}}
,"C:\\Users\\alisson.galvao\\Documents\\ALISSON (PESSOAL)\\Cursos e Treinamentos\\Node\\node_test_services\\src\\instances\\envDB.ts": {"path":"C:\\Users\\alisson.galvao\\Documents\\ALISSON (PESSOAL)\\Cursos e Treinamentos\\Node\\node_test_services\\src\\instances\\envDB.ts","statementMap":{"0":{"start":{"line":1,"column":0},"end":{"line":1,"column":28}},"1":{"start":{"line":3,"column":0},"end":{"line":3,"column":16}},"2":{"start":{"line":5,"column":10},"end":{"line":5,"column":56}},"3":{"start":{"line":7,"column":12},"end":{"line":11,"column":null}},"4":{"start":{"line":13,"column":0},"end":{"line":13,"column":21}}},"fnMap":{},"branchMap":{"0":{"loc":{"start":{"line":5,"column":10},"end":{"line":5,"column":56}},"type":"cond-expr","locations":[{"start":{"line":5,"column":44},"end":{"line":5,"column":51}},{"start":{"line":5,"column":54},"end":{"line":5,"column":56}}]}},"s":{"0":2,"1":2,"2":2,"3":2,"4":2},"f":{},"b":{"0":[2,0]}}
,"C:\\Users\\alisson.galvao\\Documents\\ALISSON (PESSOAL)\\Cursos e Treinamentos\\Node\\node_test_services\\src\\instances\\mysql.ts": {"path":"C:\\Users\\alisson.galvao\\Documents\\ALISSON (PESSOAL)\\Cursos e Treinamentos\\Node\\node_test_services\\src\\instances\\mysql.ts","statementMap":{"0":{"start":{"line":1,"column":0},"end":{"line":1,"column":38}},"1":{"start":{"line":2,"column":0},"end":{"line":2,"column":28}},"2":{"start":{"line":3,"column":0},"end":{"line":3,"column":28}},"3":{"start":{"line":5,"column":0},"end":{"line":5,"column":16}},"4":{"start":{"line":7,"column":13},"end":{"line":16,"column":2}}},"fnMap":{},"branchMap":{},"s":{"0":2,"1":2,"2":2,"3":2,"4":2},"f":{},"b":{}}
,"C:\\Users\\alisson.galvao\\Documents\\ALISSON (PESSOAL)\\Cursos e Treinamentos\\Node\\node_test_services\\src\\models\\User.ts": {"path":"C:\\Users\\alisson.galvao\\Documents\\ALISSON (PESSOAL)\\Cursos e Treinamentos\\Node\\node_test_services\\src\\models\\User.ts","statementMap":{"0":{"start":{"line":1,"column":0},"end":{"line":1,"column":45}},"1":{"start":{"line":2,"column":0},"end":{"line":2,"column":47}},"2":{"start":{"line":10,"column":13},"end":{"line":26,"column":3}}},"fnMap":{},"branchMap":{},"s":{"0":2,"1":2,"2":2},"f":{},"b":{}}
,"C:\\Users\\alisson.galvao\\Documents\\ALISSON (PESSOAL)\\Cursos e Treinamentos\\Node\\node_test_services\\src\\routes\\api.ts": {"path":"C:\\Users\\alisson.galvao\\Documents\\ALISSON (PESSOAL)\\Cursos e Treinamentos\\Node\\node_test_services\\src\\routes\\api.ts","statementMap":{"0":{"start":{"line":1,"column":0},"end":{"line":1,"column":33}},"1":{"start":{"line":3,"column":0},"end":{"line":3,"column":62}},"2":{"start":{"line":5,"column":15},"end":{"line":5,"column":23}},"3":{"start":{"line":7,"column":0},"end":{"line":7,"column":49}},"4":{"start":{"line":8,"column":0},"end":{"line":8,"column":43}},"5":{"start":{"line":10,"column":0},"end":{"line":10,"column":40}},"6":{"start":{"line":12,"column":0},"end":{"line":12,"column":22}}},"fnMap":{},"branchMap":{},"s":{"0":1,"1":1,"2":1,"3":1,"4":1,"5":1,"6":1},"f":{},"b":{}}
,"C:\\Users\\alisson.galvao\\Documents\\ALISSON (PESSOAL)\\Cursos e Treinamentos\\Node\\node_test_services\\src\\services\\UserService.ts": {"path":"C:\\Users\\alisson.galvao\\Documents\\ALISSON (PESSOAL)\\Cursos e Treinamentos\\Node\\node_test_services\\src\\services\\UserService.ts","statementMap":{"0":{"start":{"line":1,"column":0},"end":{"line":1,"column":38}},"1":{"start":{"line":3,"column":0},"end":{"line":3,"column":28}},"2":{"start":{"line":5,"column":26},"end":{"line":17,"column":null}},"3":{"start":{"line":5,"column":68},"end":{"line":17,"column":null}},"4":{"start":{"line":6,"column":20},"end":{"line":6,"column":60}},"5":{"start":{"line":7,"column":4},"end":{"line":16,"column":null}},"6":{"start":{"line":8,"column":27},"end":{"line":8,"column":56}},"7":{"start":{"line":9,"column":24},"end":{"line":12,"column":10}},"8":{"start":{"line":13,"column":8},"end":{"line":13,"column":23}},"9":{"start":{"line":15,"column":8},"end":{"line":15,"column":47}},"10":{"start":{"line":5,"column":13},"end":{"line":5,"column":26}},"11":{"start":{"line":19,"column":27},"end":{"line":21,"column":null}},"12":{"start":{"line":19,"column":51},"end":{"line":21,"column":null}},"13":{"start":{"line":20,"column":4},"end":{"line":20,"column":50}},"14":{"start":{"line":19,"column":13},"end":{"line":19,"column":27}},"15":{"start":{"line":23,"column":29},"end":{"line":25,"column":1}},"16":{"start":{"line":24,"column":4},"end":{"line":24,"column":63}},"17":{"start":{"line":23,"column":13},"end":{"line":23,"column":29}},"18":{"start":{"line":27,"column":19},"end":{"line":29,"column":null}},"19":{"start":{"line":27,"column":30},"end":{"line":29,"column":null}},"20":{"start":{"line":28,"column":4},"end":{"line":28,"column":32}},"21":{"start":{"line":27,"column":13},"end":{"line":27,"column":19}}},"fnMap":{"0":{"name":"(anonymous_8)","decl":{"start":{"line":5,"column":26},"end":{"line":5,"column":33}},"loc":{"start":{"line":5,"column":68},"end":{"line":17,"column":null}}},"1":{"name":"(anonymous_9)","decl":{"start":{"line":5,"column":68},"end":{"line":5,"column":null}},"loc":{"start":{"line":5,"column":68},"end":{"line":17,"column":1}}},"2":{"name":"(anonymous_10)","decl":{"start":{"line":19,"column":27},"end":{"line":19,"column":34}},"loc":{"start":{"line":19,"column":51},"end":{"line":21,"column":null}}},"3":{"name":"(anonymous_11)","decl":{"start":{"line":19,"column":51},"end":{"line":19,"column":null}},"loc":{"start":{"line":19,"column":51},"end":{"line":21,"column":1}}},"4":{"name":"(anonymous_12)","decl":{"start":{"line":23,"column":29},"end":{"line":23,"column":30}},"loc":{"start":{"line":23,"column":81},"end":{"line":25,"column":1}}},"5":{"name":"(anonymous_13)","decl":{"start":{"line":27,"column":19},"end":{"line":27,"column":28}},"loc":{"start":{"line":27,"column":30},"end":{"line":29,"column":null}}},"6":{"name":"(anonymous_14)","decl":{"start":{"line":27,"column":30},"end":{"line":27,"column":null}},"loc":{"start":{"line":27,"column":30},"end":{"line":29,"column":1}}}},"branchMap":{"0":{"loc":{"start":{"line":7,"column":4},"end":{"line":16,"column":null}},"type":"if","locations":[{"start":{"line":7,"column":4},"end":{"line":16,"column":null}},{"start":{"line":14,"column":9},"end":{"line":16,"column":null}}]}},"s":{"0":2,"1":2,"2":2,"3":4,"4":4,"5":4,"6":2,"7":2,"8":2,"9":2,"10":2,"11":2,"12":4,"13":4,"14":2,"15":2,"16":3,"17":2,"18":2,"19":2,"20":2,"21":2},"f":{"0":4,"1":4,"2":4,"3":4,"4":3,"5":2,"6":2},"b":{"0":[2,2]}}
}
