{"C:\\Users\\alisson.galvao\\Documents\\ALISSON (PESSOAL)\\Cursos e Treinamentos\\Node\\node_test_services\\src\\instances\\envDB.ts": {"path":"C:\\Users\\alisson.galvao\\Documents\\ALISSON (PESSOAL)\\Cursos e Treinamentos\\Node\\node_test_services\\src\\instances\\envDB.ts","statementMap":{"0":{"start":{"line":1,"column":0},"end":{"line":1,"column":28}},"1":{"start":{"line":3,"column":0},"end":{"line":3,"column":16}},"2":{"start":{"line":5,"column":10},"end":{"line":5,"column":56}},"3":{"start":{"line":7,"column":12},"end":{"line":11,"column":null}},"4":{"start":{"line":13,"column":0},"end":{"line":13,"column":21}}},"fnMap":{},"branchMap":{"0":{"loc":{"start":{"line":5,"column":10},"end":{"line":5,"column":56}},"type":"cond-expr","locations":[{"start":{"line":5,"column":44},"end":{"line":5,"column":51}},{"start":{"line":5,"column":54},"end":{"line":5,"column":56}}]}},"s":{"0":1,"1":1,"2":1,"3":1,"4":1},"f":{},"b":{"0":[1,0]}}
,"C:\\Users\\alisson.galvao\\Documents\\ALISSON (PESSOAL)\\Cursos e Treinamentos\\Node\\node_test_services\\src\\instances\\mysql.ts": {"path":"C:\\Users\\alisson.galvao\\Documents\\ALISSON (PESSOAL)\\Cursos e Treinamentos\\Node\\node_test_services\\src\\instances\\mysql.ts","statementMap":{"0":{"start":{"line":1,"column":0},"end":{"line":1,"column":38}},"1":{"start":{"line":2,"column":0},"end":{"line":2,"column":28}},"2":{"start":{"line":3,"column":0},"end":{"line":3,"column":28}},"3":{"start":{"line":5,"column":0},"end":{"line":5,"column":16}},"4":{"start":{"line":7,"column":13},"end":{"line":16,"column":2}}},"fnMap":{},"branchMap":{},"s":{"0":1,"1":1,"2":1,"3":1,"4":1},"f":{},"b":{}}
,"C:\\Users\\alisson.galvao\\Documents\\ALISSON (PESSOAL)\\Cursos e Treinamentos\\Node\\node_test_services\\src\\models\\User.ts": {"path":"C:\\Users\\alisson.galvao\\Documents\\ALISSON (PESSOAL)\\Cursos e Treinamentos\\Node\\node_test_services\\src\\models\\User.ts","statementMap":{"0":{"start":{"line":1,"column":0},"end":{"line":1,"column":45}},"1":{"start":{"line":2,"column":0},"end":{"line":2,"column":47}},"2":{"start":{"line":10,"column":13},"end":{"line":26,"column":3}}},"fnMap":{},"branchMap":{},"s":{"0":1,"1":1,"2":1},"f":{},"b":{}}
,"C:\\Users\\alisson.galvao\\Documents\\ALISSON (PESSOAL)\\Cursos e Treinamentos\\Node\\node_test_services\\src\\services\\UserService.ts": {"path":"C:\\Users\\alisson.galvao\\Documents\\ALISSON (PESSOAL)\\Cursos e Treinamentos\\Node\\node_test_services\\src\\services\\UserService.ts","statementMap":{"0":{"start":{"line":1,"column":0},"end":{"line":1,"column":38}},"1":{"start":{"line":3,"column":0},"end":{"line":3,"column":28}},"2":{"start":{"line":5,"column":26},"end":{"line":17,"column":null}},"3":{"start":{"line":5,"column":68},"end":{"line":17,"column":null}},"4":{"start":{"line":6,"column":20},"end":{"line":6,"column":60}},"5":{"start":{"line":7,"column":4},"end":{"line":16,"column":null}},"6":{"start":{"line":8,"column":27},"end":{"line":8,"column":56}},"7":{"start":{"line":9,"column":24},"end":{"line":12,"column":10}},"8":{"start":{"line":13,"column":8},"end":{"line":13,"column":23}},"9":{"start":{"line":15,"column":8},"end":{"line":15,"column":47}},"10":{"start":{"line":5,"column":13},"end":{"line":5,"column":26}},"11":{"start":{"line":19,"column":27},"end":{"line":21,"column":null}},"12":{"start":{"line":19,"column":51},"end":{"line":21,"column":null}},"13":{"start":{"line":20,"column":4},"end":{"line":20,"column":50}},"14":{"start":{"line":19,"column":13},"end":{"line":19,"column":27}},"15":{"start":{"line":23,"column":29},"end":{"line":25,"column":1}},"16":{"start":{"line":24,"column":4},"end":{"line":24,"column":63}},"17":{"start":{"line":23,"column":13},"end":{"line":23,"column":29}},"18":{"start":{"line":27,"column":19},"end":{"line":29,"column":null}},"19":{"start":{"line":27,"column":30},"end":{"line":29,"column":null}},"20":{"start":{"line":28,"column":4},"end":{"line":28,"column":32}},"21":{"start":{"line":27,"column":13},"end":{"line":27,"column":19}}},"fnMap":{"0":{"name":"(anonymous_8)","decl":{"start":{"line":5,"column":26},"end":{"line":5,"column":33}},"loc":{"start":{"line":5,"column":68},"end":{"line":17,"column":null}}},"1":{"name":"(anonymous_9)","decl":{"start":{"line":5,"column":68},"end":{"line":5,"column":null}},"loc":{"start":{"line":5,"column":68},"end":{"line":17,"column":1}}},"2":{"name":"(anonymous_10)","decl":{"start":{"line":19,"column":27},"end":{"line":19,"column":34}},"loc":{"start":{"line":19,"column":51},"end":{"line":21,"column":null}}},"3":{"name":"(anonymous_11)","decl":{"start":{"line":19,"column":51},"end":{"line":19,"column":null}},"loc":{"start":{"line":19,"column":51},"end":{"line":21,"column":1}}},"4":{"name":"(anonymous_12)","decl":{"start":{"line":23,"column":29},"end":{"line":23,"column":30}},"loc":{"start":{"line":23,"column":81},"end":{"line":25,"column":1}}},"5":{"name":"(anonymous_13)","decl":{"start":{"line":27,"column":19},"end":{"line":27,"column":28}},"loc":{"start":{"line":27,"column":30},"end":{"line":29,"column":null}}},"6":{"name":"(anonymous_14)","decl":{"start":{"line":27,"column":30},"end":{"line":27,"column":null}},"loc":{"start":{"line":27,"column":30},"end":{"line":29,"column":1}}}},"branchMap":{"0":{"loc":{"start":{"line":7,"column":4},"end":{"line":16,"column":null}},"type":"if","locations":[{"start":{"line":7,"column":4},"end":{"line":16,"column":null}},{"start":{"line":14,"column":9},"end":{"line":16,"column":null}}]}},"s":{"0":1,"1":1,"2":1,"3":2,"4":2,"5":2,"6":1,"7":1,"8":1,"9":1,"10":1,"11":1,"12":3,"13":3,"14":1,"15":1,"16":2,"17":1,"18":1,"19":1,"20":1,"21":1},"f":{"0":2,"1":2,"2":3,"3":3,"4":2,"5":1,"6":1},"b":{"0":[1,1]}}
}
