TN:
SF:src\instances\envDB.ts
FNF:0
FNH:0
DA:1,1
DA:3,1
DA:5,1
DA:7,1
DA:13,1
LF:5
LH:5
BRDA:5,0,0,1
BRDA:5,0,1,0
BRF:2
BRH:1
end_of_record
TN:
SF:src\instances\mysql.ts
FNF:0
FNH:0
DA:1,1
DA:2,1
DA:3,1
DA:5,1
DA:7,1
LF:5
LH:5
BRF:0
BRH:0
end_of_record
TN:
SF:src\models\User.ts
FNF:0
FNH:0
DA:1,1
DA:2,1
DA:10,1
LF:3
LH:3
BRF:0
BRH:0
end_of_record
TN:
SF:src\services\UserService.ts
FN:5,(anonymous_8)
FN:5,(anonymous_9)
FN:19,(anonymous_10)
FN:19,(anonymous_11)
FN:23,(anonymous_12)
FN:27,(anonymous_13)
FN:27,(anonymous_14)
FNF:7
FNH:7
FNDA:2,(anonymous_8)
FNDA:2,(anonymous_9)
FNDA:3,(anonymous_10)
FNDA:3,(anonymous_11)
FNDA:2,(anonymous_12)
FNDA:1,(anonymous_13)
FNDA:1,(anonymous_14)
DA:1,1
DA:3,1
DA:5,2
DA:6,2
DA:7,2
DA:8,1
DA:9,1
DA:13,1
DA:15,1
DA:19,3
DA:20,3
DA:23,1
DA:24,2
DA:27,1
DA:28,1
LF:15
LH:15
BRDA:7,0,0,1
BRDA:7,0,1,1
BRF:2
BRH:2
end_of_record
